<?xml version="1.0" encoding="UTF-8"?>
<testng-results skipped="0" failed="0" ignored="0" total="1" passed="1">
  <reporter-output>
  </reporter-output>
  <suite name="Suite" duration-ms="12965" started-at="2017-06-16T07:50:03Z" finished-at="2017-06-16T07:50:16Z">
    <groups>
    </groups>
    <test name="Test" duration-ms="12965" started-at="2017-06-16T07:50:03Z" finished-at="2017-06-16T07:50:16Z">
      <class name="com.sample.DemoProgram">
        <test-method status="PASS" signature="demo()[pri:0, instance:com.sample.DemoProgram@4cc0edeb]" name="demo" duration-ms="12899" started-at="2017-06-16T13:20:03Z" finished-at="2017-06-16T13:20:16Z">
          <reporter-output>
          </reporter-output>
        </test-method> <!-- demo -->
      </class> <!-- com.sample.DemoProgram -->
    </test> <!-- Test -->
  </suite> <!-- Suite -->
</testng-results>
